2018-03-01 22:02:13 3040 [Note] Plugin 'FEDERATED' is disabled.
2018-03-01 22:02:13 3040 [Note] InnoDB: The InnoDB memory heap is disabled
2018-03-01 22:02:13 3040 [Note] InnoDB: Mutexes and rw_locks use Windows interlocked functions
2018-03-01 22:02:13 3040 [Note] InnoDB: Compressed tables use zlib 1.2.3
2018-03-01 22:02:13 3040 [Note] InnoDB: Not using CPU crc32 instructions
2018-03-01 22:02:13 3040 [Note] InnoDB: Initializing buffer pool, size = 128.0M
2018-03-01 22:02:13 3040 [Note] InnoDB: Completed initialization of buffer pool
2018-03-01 22:02:13 3040 [Note] InnoDB: Setting log file C:\Users\v6222\Desktop\mySQL\mysql\data\ib_logfile101 size to 5 MB
2018-03-01 22:02:13 3040 [Note] InnoDB: Setting log file C:\Users\v6222\Desktop\mySQL\mysql\data\ib_logfile1 size to 5 MB
2018-03-01 22:02:13 3040 [Note] InnoDB: Renaming log file C:\Users\v6222\Desktop\mySQL\mysql\data\ib_logfile101 to C:\Users\v6222\Desktop\mySQL\mysql\data\ib_logfile0
2018-03-01 22:02:13 3040 [Warning] InnoDB: New log files created, LSN=1626134
2018-03-01 22:02:13 3040 [Note] InnoDB: Highest supported file format is Barracuda.
2018-03-01 22:02:13 3040 [Note] InnoDB: 128 rollback segment(s) are active.
2018-03-01 22:02:13 3040 [Note] InnoDB: Waiting for purge to start
2018-03-01 22:02:13 3040 [Note] InnoDB: 5.6.13 started; log sequence number 1626636
2018-03-01 22:02:13 3040 [Warning] No existing UUID has been found, so we assume that this is the first time that this server has been started. Generating a new UUID: d0d0573f-1d93-11e8-9e64-e2153b90a089.
2018-03-01 22:02:13 3040 [Note] Server hostname (bind-address): '*'; port: 3307
2018-03-01 22:02:13 3040 [Note] IPv6 is available.
2018-03-01 22:02:13 3040 [Note]   - '::' resolves to '::';
2018-03-01 22:02:13 3040 [Note] Server socket created on IP: '::'.
