2018-03-02 10:23:52 14320 [Note] Plugin 'FEDERATED' is disabled.
2018-03-02 10:23:52 14320 [Note] InnoDB: The InnoDB memory heap is disabled
2018-03-02 10:23:52 14320 [Note] InnoDB: Mutexes and rw_locks use Windows interlocked functions
2018-03-02 10:23:52 14320 [Note] InnoDB: Compressed tables use zlib 1.2.3
2018-03-02 10:23:52 14320 [Note] InnoDB: Not using CPU crc32 instructions
2018-03-02 10:23:52 14320 [Note] InnoDB: Initializing buffer pool, size = 128.0M
2018-03-02 10:23:52 14320 [Note] InnoDB: Completed initialization of buffer pool
2018-03-02 10:23:52 14320 [Note] InnoDB: Highest supported file format is Barracuda.
2018-03-02 10:23:52 14320 [Note] InnoDB: The log sequence numbers 1626134 and 1626134 in ibdata files do not match the log sequence number 1807256 in the ib_logfiles!
2018-03-02 10:23:52 14320 [Note] InnoDB: Database was not shutdown normally!
2018-03-02 10:23:52 14320 [Note] InnoDB: Starting crash recovery.
2018-03-02 10:23:52 14320 [Note] InnoDB: Reading tablespace information from the .ibd files...
2018-03-02 10:23:52 14320 [Note] InnoDB: Restoring possible half-written data pages 
2018-03-02 10:23:52 14320 [Note] InnoDB: from the doublewrite buffer...
2018-03-02 10:23:52 14320 [Note] InnoDB: 128 rollback segment(s) are active.
2018-03-02 10:23:52 14320 [Note] InnoDB: Waiting for purge to start
2018-03-02 10:23:52 14320 [Note] InnoDB: 5.6.13 started; log sequence number 1807256
2018-03-02 10:23:52 14320 [Note] Server hostname (bind-address): '*'; port: 3307
2018-03-02 10:23:52 14320 [Note] IPv6 is available.
2018-03-02 10:23:52 14320 [Note]   - '::' resolves to '::';
2018-03-02 10:23:52 14320 [Note] Server socket created on IP: '::'.
2018-03-02 13:27:21 11760 [Note] Plugin 'FEDERATED' is disabled.
2018-03-02 13:27:21 11760 [Note] InnoDB: The InnoDB memory heap is disabled
2018-03-02 13:27:21 11760 [Note] InnoDB: Mutexes and rw_locks use Windows interlocked functions
2018-03-02 13:27:21 11760 [Note] InnoDB: Compressed tables use zlib 1.2.3
2018-03-02 13:27:21 11760 [Note] InnoDB: Not using CPU crc32 instructions
2018-03-02 13:27:21 11760 [Note] InnoDB: Initializing buffer pool, size = 128.0M
2018-03-02 13:27:21 11760 [Note] InnoDB: Completed initialization of buffer pool
2018-03-02 13:27:21 11760 [Note] InnoDB: Highest supported file format is Barracuda.
2018-03-02 13:27:21 11760 [Note] InnoDB: The log sequence numbers 1626134 and 1626134 in ibdata files do not match the log sequence number 2056500 in the ib_logfiles!
2018-03-02 13:27:21 11760 [Note] InnoDB: Database was not shutdown normally!
2018-03-02 13:27:21 11760 [Note] InnoDB: Starting crash recovery.
2018-03-02 13:27:21 11760 [Note] InnoDB: Reading tablespace information from the .ibd files...
2018-03-02 13:27:21 11760 [Note] InnoDB: Restoring possible half-written data pages 
2018-03-02 13:27:21 11760 [Note] InnoDB: from the doublewrite buffer...
2018-03-02 13:27:21 11760 [Note] InnoDB: 128 rollback segment(s) are active.
2018-03-02 13:27:21 11760 [Note] InnoDB: Waiting for purge to start
2018-03-02 13:27:21 11760 [Note] InnoDB: 5.6.13 started; log sequence number 2056500
2018-03-02 13:27:21 11760 [Note] Server hostname (bind-address): '*'; port: 3307
2018-03-02 13:27:21 11760 [Note] IPv6 is available.
2018-03-02 13:27:21 11760 [Note]   - '::' resolves to '::';
2018-03-02 13:27:21 11760 [Note] Server socket created on IP: '::'.
2018-03-04 01:56:36 10248 [Note] Plugin 'FEDERATED' is disabled.
2018-03-04 01:56:36 10248 [Note] InnoDB: The InnoDB memory heap is disabled
2018-03-04 01:56:36 10248 [Note] InnoDB: Mutexes and rw_locks use Windows interlocked functions
2018-03-04 01:56:36 10248 [Note] InnoDB: Compressed tables use zlib 1.2.3
2018-03-04 01:56:36 10248 [Note] InnoDB: Not using CPU crc32 instructions
2018-03-04 01:56:36 10248 [Note] InnoDB: Initializing buffer pool, size = 128.0M
2018-03-04 01:56:36 10248 [Note] InnoDB: Completed initialization of buffer pool
2018-03-04 01:56:36 10248 [Note] InnoDB: Highest supported file format is Barracuda.
2018-03-04 01:56:36 10248 [Note] InnoDB: The log sequence numbers 1626134 and 1626134 in ibdata files do not match the log sequence number 2186228 in the ib_logfiles!
2018-03-04 01:56:36 10248 [Note] InnoDB: Database was not shutdown normally!
2018-03-04 01:56:36 10248 [Note] InnoDB: Starting crash recovery.
2018-03-04 01:56:36 10248 [Note] InnoDB: Reading tablespace information from the .ibd files...
2018-03-04 01:56:36 10248 [Note] InnoDB: Restoring possible half-written data pages 
2018-03-04 01:56:36 10248 [Note] InnoDB: from the doublewrite buffer...
2018-03-04 01:56:36 10248 [Note] InnoDB: 128 rollback segment(s) are active.
2018-03-04 01:56:36 10248 [Note] InnoDB: Waiting for purge to start
2018-03-04 01:56:37 10248 [Note] InnoDB: 5.6.13 started; log sequence number 2186228
2018-03-04 01:56:37 10248 [Note] Server hostname (bind-address): '*'; port: 3307
2018-03-04 01:56:37 10248 [Note] IPv6 is available.
2018-03-04 01:56:37 10248 [Note]   - '::' resolves to '::';
2018-03-04 01:56:37 10248 [Note] Server socket created on IP: '::'.
2018-03-04 02:04:08 15200 [Note] Plugin 'FEDERATED' is disabled.
2018-03-04 02:04:08 15200 [Note] InnoDB: The InnoDB memory heap is disabled
2018-03-04 02:04:08 15200 [Note] InnoDB: Mutexes and rw_locks use Windows interlocked functions
2018-03-04 02:04:08 15200 [Note] InnoDB: Compressed tables use zlib 1.2.3
2018-03-04 02:04:08 15200 [Note] InnoDB: Not using CPU crc32 instructions
2018-03-04 02:04:08 15200 [Note] InnoDB: Initializing buffer pool, size = 128.0M
2018-03-04 02:04:08 15200 [Note] InnoDB: Completed initialization of buffer pool
2018-03-04 02:04:08 15200 [Note] InnoDB: Highest supported file format is Barracuda.
2018-03-04 02:04:08 15200 [Note] InnoDB: The log sequence numbers 1626134 and 1626134 in ibdata files do not match the log sequence number 2186254 in the ib_logfiles!
2018-03-04 02:04:08 15200 [Note] InnoDB: Database was not shutdown normally!
2018-03-04 02:04:08 15200 [Note] InnoDB: Starting crash recovery.
2018-03-04 02:04:08 15200 [Note] InnoDB: Reading tablespace information from the .ibd files...
2018-03-04 02:04:08 15200 [Note] InnoDB: Restoring possible half-written data pages 
2018-03-04 02:04:08 15200 [Note] InnoDB: from the doublewrite buffer...
2018-03-04 02:04:08 15200 [Note] InnoDB: 128 rollback segment(s) are active.
2018-03-04 02:04:08 15200 [Note] InnoDB: Waiting for purge to start
2018-03-04 02:04:08 15200 [Note] InnoDB: 5.6.13 started; log sequence number 2186254
2018-03-04 02:04:08 15200 [Note] Server hostname (bind-address): '*'; port: 3307
2018-03-04 02:04:08 15200 [Note] IPv6 is available.
2018-03-04 02:04:08 15200 [Note]   - '::' resolves to '::';
2018-03-04 02:04:08 15200 [Note] Server socket created on IP: '::'.
2018-03-05 11:50:05 9660 [Note] Plugin 'FEDERATED' is disabled.
2018-03-05 11:50:05 9660 [Note] InnoDB: The InnoDB memory heap is disabled
2018-03-05 11:50:05 9660 [Note] InnoDB: Mutexes and rw_locks use Windows interlocked functions
2018-03-05 11:50:05 9660 [Note] InnoDB: Compressed tables use zlib 1.2.3
2018-03-05 11:50:05 9660 [Note] InnoDB: Not using CPU crc32 instructions
2018-03-05 11:50:05 9660 [Note] InnoDB: Initializing buffer pool, size = 128.0M
2018-03-05 11:50:05 9660 [Note] InnoDB: Completed initialization of buffer pool
2018-03-05 11:50:05 9660 [Note] InnoDB: Highest supported file format is Barracuda.
2018-03-05 11:50:05 9660 [Note] InnoDB: The log sequence numbers 1626134 and 1626134 in ibdata files do not match the log sequence number 2186264 in the ib_logfiles!
2018-03-05 11:50:05 9660 [Note] InnoDB: Database was not shutdown normally!
2018-03-05 11:50:05 9660 [Note] InnoDB: Starting crash recovery.
2018-03-05 11:50:05 9660 [Note] InnoDB: Reading tablespace information from the .ibd files...
2018-03-05 11:50:05 9660 [Note] InnoDB: Restoring possible half-written data pages 
2018-03-05 11:50:05 9660 [Note] InnoDB: from the doublewrite buffer...
2018-03-05 11:50:06 9660 [Note] InnoDB: 128 rollback segment(s) are active.
2018-03-05 11:50:06 9660 [Note] InnoDB: Waiting for purge to start
2018-03-05 11:50:06 9660 [Note] InnoDB: 5.6.13 started; log sequence number 2186264
2018-03-05 11:50:06 9660 [Note] Server hostname (bind-address): '*'; port: 3307
2018-03-05 11:50:06 9660 [Note] IPv6 is available.
2018-03-05 11:50:06 9660 [Note]   - '::' resolves to '::';
2018-03-05 11:50:06 9660 [Note] Server socket created on IP: '::'.
2018-03-05 13:56:43 244 [Note] Plugin 'FEDERATED' is disabled.
2018-03-05 13:56:43 244 [Note] InnoDB: The InnoDB memory heap is disabled
2018-03-05 13:56:43 244 [Note] InnoDB: Mutexes and rw_locks use Windows interlocked functions
2018-03-05 13:56:43 244 [Note] InnoDB: Compressed tables use zlib 1.2.3
2018-03-05 13:56:43 244 [Note] InnoDB: Not using CPU crc32 instructions
2018-03-05 13:56:43 244 [Note] InnoDB: Initializing buffer pool, size = 128.0M
2018-03-05 13:56:43 244 [Note] InnoDB: Completed initialization of buffer pool
2018-03-05 13:56:43 244 [Note] InnoDB: Highest supported file format is Barracuda.
2018-03-05 13:56:43 244 [Note] InnoDB: The log sequence numbers 1626134 and 1626134 in ibdata files do not match the log sequence number 2186274 in the ib_logfiles!
2018-03-05 13:56:43 244 [Note] InnoDB: Database was not shutdown normally!
2018-03-05 13:56:43 244 [Note] InnoDB: Starting crash recovery.
2018-03-05 13:56:43 244 [Note] InnoDB: Reading tablespace information from the .ibd files...
2018-03-05 13:56:43 244 [Note] InnoDB: Restoring possible half-written data pages 
2018-03-05 13:56:43 244 [Note] InnoDB: from the doublewrite buffer...
2018-03-05 13:56:43 244 [Note] InnoDB: 128 rollback segment(s) are active.
2018-03-05 13:56:43 244 [Note] InnoDB: Waiting for purge to start
2018-03-05 13:56:43 244 [Note] InnoDB: 5.6.13 started; log sequence number 2186274
2018-03-05 13:56:43 244 [Note] Server hostname (bind-address): '*'; port: 3307
2018-03-05 13:56:43 244 [Note] IPv6 is available.
2018-03-05 13:56:43 244 [Note]   - '::' resolves to '::';
2018-03-05 13:56:43 244 [Note] Server socket created on IP: '::'.
2018-03-05 22:26:04 11488 [Note] Plugin 'FEDERATED' is disabled.
2018-03-05 22:26:04 11488 [Note] InnoDB: The InnoDB memory heap is disabled
2018-03-05 22:26:04 11488 [Note] InnoDB: Mutexes and rw_locks use Windows interlocked functions
2018-03-05 22:26:04 11488 [Note] InnoDB: Compressed tables use zlib 1.2.3
2018-03-05 22:26:04 11488 [Note] InnoDB: Not using CPU crc32 instructions
2018-03-05 22:26:04 11488 [Note] InnoDB: Initializing buffer pool, size = 128.0M
2018-03-05 22:26:04 11488 [Note] InnoDB: Completed initialization of buffer pool
2018-03-05 22:26:04 11488 [Note] InnoDB: Highest supported file format is Barracuda.
2018-03-05 22:26:04 11488 [Note] InnoDB: The log sequence numbers 1626134 and 1626134 in ibdata files do not match the log sequence number 2245786 in the ib_logfiles!
2018-03-05 22:26:04 11488 [Note] InnoDB: Database was not shutdown normally!
2018-03-05 22:26:04 11488 [Note] InnoDB: Starting crash recovery.
2018-03-05 22:26:04 11488 [Note] InnoDB: Reading tablespace information from the .ibd files...
2018-03-05 22:26:04 11488 [Note] InnoDB: Restoring possible half-written data pages 
2018-03-05 22:26:04 11488 [Note] InnoDB: from the doublewrite buffer...
2018-03-05 22:26:05 11488 [Note] InnoDB: 128 rollback segment(s) are active.
2018-03-05 22:26:05 11488 [Note] InnoDB: Waiting for purge to start
2018-03-05 22:26:05 11488 [Note] InnoDB: 5.6.13 started; log sequence number 2245786
2018-03-05 22:26:05 11488 [Note] Server hostname (bind-address): '*'; port: 3307
2018-03-05 22:26:05 11488 [Note] IPv6 is available.
2018-03-05 22:26:05 11488 [Note]   - '::' resolves to '::';
2018-03-05 22:26:05 11488 [Note] Server socket created on IP: '::'.
2018-03-06 12:27:48 14484 [Note] Plugin 'FEDERATED' is disabled.
2018-03-06 12:27:48 14484 [Note] InnoDB: The InnoDB memory heap is disabled
2018-03-06 12:27:48 14484 [Note] InnoDB: Mutexes and rw_locks use Windows interlocked functions
2018-03-06 12:27:48 14484 [Note] InnoDB: Compressed tables use zlib 1.2.3
2018-03-06 12:27:48 14484 [Note] InnoDB: Not using CPU crc32 instructions
2018-03-06 12:27:48 14484 [Note] InnoDB: Initializing buffer pool, size = 128.0M
2018-03-06 12:27:48 14484 [Note] InnoDB: Completed initialization of buffer pool
2018-03-06 12:27:48 14484 [Note] InnoDB: Highest supported file format is Barracuda.
2018-03-06 12:27:48 14484 [Note] InnoDB: The log sequence numbers 1626134 and 1626134 in ibdata files do not match the log sequence number 2248430 in the ib_logfiles!
2018-03-06 12:27:48 14484 [Note] InnoDB: Database was not shutdown normally!
2018-03-06 12:27:48 14484 [Note] InnoDB: Starting crash recovery.
2018-03-06 12:27:48 14484 [Note] InnoDB: Reading tablespace information from the .ibd files...
2018-03-06 12:27:48 14484 [Note] InnoDB: Restoring possible half-written data pages 
2018-03-06 12:27:48 14484 [Note] InnoDB: from the doublewrite buffer...
2018-03-06 12:27:48 14484 [Note] InnoDB: 128 rollback segment(s) are active.
2018-03-06 12:27:48 14484 [Note] InnoDB: Waiting for purge to start
2018-03-06 12:27:48 14484 [Note] InnoDB: 5.6.13 started; log sequence number 2248430
2018-03-06 12:27:48 14484 [Note] Server hostname (bind-address): '*'; port: 3307
2018-03-06 12:27:48 14484 [Note] IPv6 is available.
2018-03-06 12:27:48 14484 [Note]   - '::' resolves to '::';
2018-03-06 12:27:48 14484 [Note] Server socket created on IP: '::'.
2018-03-06 13:31:17 12040 [Note] Plugin 'FEDERATED' is disabled.
2018-03-06 13:31:17 12040 [Note] InnoDB: The InnoDB memory heap is disabled
2018-03-06 13:31:17 12040 [Note] InnoDB: Mutexes and rw_locks use Windows interlocked functions
2018-03-06 13:31:17 12040 [Note] InnoDB: Compressed tables use zlib 1.2.3
2018-03-06 13:31:17 12040 [Note] InnoDB: Not using CPU crc32 instructions
2018-03-06 13:31:17 12040 [Note] InnoDB: Initializing buffer pool, size = 128.0M
2018-03-06 13:31:17 12040 [Note] InnoDB: Completed initialization of buffer pool
2018-03-06 13:31:17 12040 [Note] InnoDB: Highest supported file format is Barracuda.
2018-03-06 13:31:17 12040 [Note] InnoDB: The log sequence numbers 1626134 and 1626134 in ibdata files do not match the log sequence number 2251095 in the ib_logfiles!
2018-03-06 13:31:17 12040 [Note] InnoDB: Database was not shutdown normally!
2018-03-06 13:31:17 12040 [Note] InnoDB: Starting crash recovery.
2018-03-06 13:31:17 12040 [Note] InnoDB: Reading tablespace information from the .ibd files...
2018-03-06 13:31:17 12040 [Note] InnoDB: Restoring possible half-written data pages 
2018-03-06 13:31:17 12040 [Note] InnoDB: from the doublewrite buffer...
2018-03-06 13:31:18 12040 [Note] InnoDB: 128 rollback segment(s) are active.
2018-03-06 13:31:18 12040 [Note] InnoDB: Waiting for purge to start
2018-03-06 13:31:18 12040 [Note] InnoDB: 5.6.13 started; log sequence number 2251095
2018-03-06 13:31:18 12040 [Note] Server hostname (bind-address): '*'; port: 3307
2018-03-06 13:31:18 12040 [Note] IPv6 is available.
2018-03-06 13:31:18 12040 [Note]   - '::' resolves to '::';
2018-03-06 13:31:18 12040 [Note] Server socket created on IP: '::'.
2018-03-06 14:01:24 15472 [Note] Plugin 'FEDERATED' is disabled.
2018-03-06 14:01:24 15472 [Note] InnoDB: The InnoDB memory heap is disabled
2018-03-06 14:01:24 15472 [Note] InnoDB: Mutexes and rw_locks use Windows interlocked functions
2018-03-06 14:01:24 15472 [Note] InnoDB: Compressed tables use zlib 1.2.3
2018-03-06 14:01:24 15472 [Note] InnoDB: Not using CPU crc32 instructions
2018-03-06 14:01:24 15472 [Note] InnoDB: Initializing buffer pool, size = 128.0M
2018-03-06 14:01:24 15472 [Note] InnoDB: Completed initialization of buffer pool
2018-03-06 14:01:25 15472 [Note] InnoDB: Highest supported file format is Barracuda.
2018-03-06 14:01:25 15472 [Note] InnoDB: The log sequence numbers 1626134 and 1626134 in ibdata files do not match the log sequence number 2256661 in the ib_logfiles!
2018-03-06 14:01:25 15472 [Note] InnoDB: Database was not shutdown normally!
2018-03-06 14:01:25 15472 [Note] InnoDB: Starting crash recovery.
2018-03-06 14:01:25 15472 [Note] InnoDB: Reading tablespace information from the .ibd files...
2018-03-06 14:01:25 15472 [Note] InnoDB: Restoring possible half-written data pages 
2018-03-06 14:01:25 15472 [Note] InnoDB: from the doublewrite buffer...
2018-03-06 14:01:26 15472 [Note] InnoDB: 128 rollback segment(s) are active.
2018-03-06 14:01:26 15472 [Note] InnoDB: Waiting for purge to start
2018-03-06 14:01:26 15472 [Note] InnoDB: 5.6.13 started; log sequence number 2256661
2018-03-06 14:01:26 15472 [Note] Server hostname (bind-address): '*'; port: 3307
2018-03-06 14:01:26 15472 [Note] IPv6 is available.
2018-03-06 14:01:26 15472 [Note]   - '::' resolves to '::';
2018-03-06 14:01:26 15472 [Note] Server socket created on IP: '::'.
2018-03-08 18:03:09 14068 [Note] Plugin 'FEDERATED' is disabled.
2018-03-08 18:03:09 14068 [Note] InnoDB: The InnoDB memory heap is disabled
2018-03-08 18:03:09 14068 [Note] InnoDB: Mutexes and rw_locks use Windows interlocked functions
2018-03-08 18:03:09 14068 [Note] InnoDB: Compressed tables use zlib 1.2.3
2018-03-08 18:03:09 14068 [Note] InnoDB: Not using CPU crc32 instructions
2018-03-08 18:03:09 14068 [Note] InnoDB: Initializing buffer pool, size = 128.0M
2018-03-08 18:03:09 14068 [Note] InnoDB: Completed initialization of buffer pool
2018-03-08 18:03:09 14068 [Note] InnoDB: Highest supported file format is Barracuda.
2018-03-08 18:03:09 14068 [Note] InnoDB: The log sequence numbers 1626134 and 1626134 in ibdata files do not match the log sequence number 2256671 in the ib_logfiles!
2018-03-08 18:03:09 14068 [Note] InnoDB: Database was not shutdown normally!
2018-03-08 18:03:09 14068 [Note] InnoDB: Starting crash recovery.
2018-03-08 18:03:09 14068 [Note] InnoDB: Reading tablespace information from the .ibd files...
2018-03-08 18:03:10 14068 [Note] InnoDB: Restoring possible half-written data pages 
2018-03-08 18:03:10 14068 [Note] InnoDB: from the doublewrite buffer...
2018-03-08 18:03:10 14068 [Note] InnoDB: 128 rollback segment(s) are active.
2018-03-08 18:03:10 14068 [Note] InnoDB: Waiting for purge to start
2018-03-08 18:03:10 14068 [Note] InnoDB: 5.6.13 started; log sequence number 2256671
2018-03-08 18:03:10 14068 [Note] Server hostname (bind-address): '*'; port: 3307
2018-03-08 18:03:10 14068 [Note] IPv6 is available.
2018-03-08 18:03:10 14068 [Note]   - '::' resolves to '::';
2018-03-08 18:03:10 14068 [Note] Server socket created on IP: '::'.
